{"level":"INFO","time":"2025-10-30T23:29:49.191+0800","caller":"project/main.go:30","msg":"应用启动","mode":"debug","version":"1.0.0"}
{"level":"INFO","time":"2025-10-30T23:29:49.205+0800","caller":"project/main.go:36","msg":"连接PostgreSQL数据库..."}
{"level":"INFO","time":"2025-10-30T23:29:49.320+0800","caller":"project/main.go:41","msg":"PostgreSQL连接成功","host":"localhost","port":5432}
{"level":"INFO","time":"2025-10-30T23:29:49.320+0800","caller":"project/main.go:47","msg":"连接Redis..."}
{"level":"INFO","time":"2025-10-30T23:29:49.327+0800","caller":"project/main.go:53","msg":"Redis连接成功","host":"localhost","port":6379}
{"level":"INFO","time":"2025-10-30T23:29:49.329+0800","caller":"project/main.go:67","msg":"初始化API网关..."}
{"level":"INFO","time":"2025-10-30T23:29:49.338+0800","caller":"project/main.go:73","msg":"服务器启动","address":"0.0.0.0:9999","mode":"debug"}
{"level":"INFO","time":"2025-10-30T23:42:26.253+0800","caller":"project/main.go:30","msg":"应用启动","mode":"debug","version":"1.0.0"}
{"level":"INFO","time":"2025-10-30T23:42:26.265+0800","caller":"project/main.go:36","msg":"连接PostgreSQL数据库..."}
{"level":"INFO","time":"2025-10-30T23:42:26.381+0800","caller":"project/main.go:41","msg":"PostgreSQL连接成功","host":"localhost","port":5432}
{"level":"INFO","time":"2025-10-30T23:42:26.381+0800","caller":"project/main.go:47","msg":"连接Redis..."}
{"level":"INFO","time":"2025-10-30T23:42:26.389+0800","caller":"project/main.go:53","msg":"Redis连接成功","host":"localhost","port":6379}
{"level":"INFO","time":"2025-10-30T23:42:26.390+0800","caller":"project/main.go:67","msg":"初始化API网关..."}
{"level":"INFO","time":"2025-10-30T23:42:26.391+0800","caller":"project/main.go:73","msg":"服务器启动","address":"0.0.0.0:9999","mode":"debug"}
{"level":"INFO","time":"2025-10-30T23:43:08.208+0800","caller":"project/main.go:30","msg":"应用启动","mode":"debug","version":"1.0.0"}
{"level":"INFO","time":"2025-10-30T23:43:08.222+0800","caller":"project/main.go:36","msg":"连接PostgreSQL数据库..."}
{"level":"INFO","time":"2025-10-30T23:43:08.346+0800","caller":"project/main.go:41","msg":"PostgreSQL连接成功","host":"localhost","port":5432}
{"level":"INFO","time":"2025-10-30T23:43:08.346+0800","caller":"project/main.go:47","msg":"连接Redis..."}
{"level":"INFO","time":"2025-10-30T23:43:08.352+0800","caller":"project/main.go:53","msg":"Redis连接成功","host":"localhost","port":6379}
{"level":"INFO","time":"2025-10-30T23:43:08.354+0800","caller":"project/main.go:67","msg":"初始化API网关..."}
{"level":"INFO","time":"2025-10-30T23:43:08.355+0800","caller":"project/main.go:73","msg":"服务器启动","address":"0.0.0.0:9999","mode":"debug"}
